[1;36;46mApp.log[0m
[0mВведено имя файла ../objs/cube.obj[0m
[0mcenter_x = 0.000000[0m
[0mcenter_y = 0.500000[0m
[0mcenter_y = 0.500000[0m
[0mscale = 1.000000[0m
[0m
--------------------------
v-strings[0m
[0m1	0.500000 | 0.500000 | 0.000000[0m
[0m2	0.500000 | 0.500000 | -1.000000[0m
[0m3	0.500000 | -0.500000 | 0.000000[0m
[0m4	0.500000 | -0.500000 | -1.000000[0m
[0m5	-0.500000 | 0.500000 | -1.000000[0m
[0m6	-0.500000 | 0.500000 | 0.000000[0m
[0m7	-0.500000 | -0.500000 | -1.000000[0m
[0m8	-0.500000 | -0.500000 | 0.000000[0m
[0m9	-0.500000 | 0.500000 | -1.000000[0m
[0m10	0.500000 | 0.500000 | -1.000000[0m
[0m11	-0.500000 | 0.500000 | 0.000000[0m
[0m12	0.500000 | 0.500000 | 0.000000[0m
[0m13	-0.500000 | -0.500000 | 0.000000[0m
[0m14	0.500000 | -0.500000 | 0.000000[0m
[0m15	-0.500000 | -0.500000 | -1.000000[0m
[0m16	0.500000 | -0.500000 | -1.000000[0m
[0m17	-0.500000 | 0.500000 | 0.000000[0m
[0m18	0.500000 | 0.500000 | 0.000000[0m
[0m19	-0.500000 | -0.500000 | 0.000000[0m
[0m20	0.500000 | -0.500000 | 0.000000[0m
[0m21	0.500000 | 0.500000 | -1.000000[0m
[0m22	-0.500000 | 0.500000 | -1.000000[0m
[0m23	0.500000 | -0.500000 | -1.000000[0m
[0m24	-0.500000 | -0.500000 | -1.000000[0m
[0m
--------------------------
f-strings[0m
[0m1 -------[0m
[0m1|1|1[0m
[0m3|3|3[0m
[0m2|2|2[0m
[0m2 -------[0m
[0m3|3|3[0m
[0m4|4|4[0m
[0m2|2|2[0m
[0m3 -------[0m
[0m5|5|5[0m
[0m7|7|7[0m
[0m6|6|6[0m
[0m4 -------[0m
[0m7|7|7[0m
[0m8|8|8[0m
[0m6|6|6[0m
[0m5 -------[0m
[0m9|9|9[0m
[0m11|11|11[0m
[0m10|10|10[0m
[0m6 -------[0m
[0m11|11|11[0m
[0m12|12|12[0m
[0m10|10|10[0m
[0m7 -------[0m
[0m13|13|13[0m
[0m15|15|15[0m
[0m14|14|14[0m
[0m8 -------[0m
[0m15|15|15[0m
[0m16|16|16[0m
[0m14|14|14[0m
[0m9 -------[0m
[0m17|17|17[0m
[0m19|19|19[0m
[0m18|18|18[0m
[0m10 -------[0m
[0m19|19|19[0m
[0m20|20|20[0m
[0m18|18|18[0m
[0m11 -------[0m
[0m21|21|21[0m
[0m23|23|23[0m
[0m22|22|22[0m
[0m12 -------[0m
[0m23|23|23[0m
[0m24|24|24[0m
[0m22|22|22[0m
[0m
-------------------
min max[0m
[0mmin_x = -0.500000[0m
[0mmax_x = 0.500000[0m
[0mmin_y = 0.000000[0m
[0mmax_y = 1.000000[0m
[0mmin_z = 0.500000[0m
[0mmax_z = 0.500000[0m
